\BOOKMARK [1][-]{section.2}{\376\377\000I\000n\000t\000r\000o\000d\000u\000c\000t\000i\000o\000n}{}% 1
\BOOKMARK [1][-]{section.3}{\376\377\000M\000e\000t\000h\000o\000d\000o\000l\000o\000g\000y}{}% 2
\BOOKMARK [2][-]{subsection.4}{\376\377\000S\000e\000a\000r\000c\000h\000\040\000a\000n\000d\000\040\000I\000n\000c\000l\000u\000s\000i\000o\000n}{section.3}% 3
\BOOKMARK [1][-]{section.6}{\376\377\000T\000h\000e\000o\000r\000e\000t\000i\000c\000a\000l\000\040\000F\000o\000u\000n\000d\000a\000t\000i\000o\000n\000s\000\040\000o\000f\000\040\000N\000a\000r\000r\000a\000t\000i\000v\000e\000\040\000a\000n\000d\000\040\000S\000e\000n\000t\000i\000m\000e\000n\000t\000\040\000i\000n\000\040\000E\000c\000o\000n\000o\000m\000i\000c\000s}{}% 4
\BOOKMARK [2][-]{subsection.7}{\376\377\000W\000h\000y\000\040\000D\000o\000\040\000N\000a\000r\000r\000a\000t\000i\000v\000e\000s\000\040\000M\000a\000t\000t\000e\000r\000?\000\040\000C\000h\000a\000n\000n\000e\000l\000s\000\040\000o\000f\000\040\000I\000n\000f\000l\000u\000e\000n\000c\000e}{section.6}% 5
\BOOKMARK [2][-]{subsection.8}{\376\377\000S\000e\000n\000t\000i\000m\000e\000n\000t\000\040\000V\000e\000r\000s\000u\000s\000\040\000N\000o\000i\000s\000e\000:\000\040\000T\000h\000e\000\040\000F\000u\000n\000d\000a\000m\000e\000n\000t\000a\000l\000\040\000D\000e\000b\000a\000t\000e}{section.6}% 6
\BOOKMARK [2][-]{subsection.9}{\376\377\000T\000h\000e\000\040\000C\000a\000u\000s\000a\000l\000i\000t\000y\000\040\000Q\000u\000e\000s\000t\000i\000o\000n\000:\000\040\000P\000r\000e\000d\000i\000c\000t\000i\000o\000n\000\040\000V\000e\000r\000s\000u\000s\000\040\000C\000a\000u\000s\000a\000t\000i\000o\000n}{section.6}% 7
\BOOKMARK [2][-]{subsection.10}{\376\377\000C\000o\000n\000c\000e\000p\000t\000u\000a\000l\000\040\000F\000r\000a\000m\000e\000w\000o\000r\000k\000:\000\040\000N\000a\000r\000r\000a\000t\000i\000v\000e\000s\000\040\000i\000n\000\040\000E\000c\000o\000n\000o\000m\000i\000c\000\040\000F\000o\000r\000e\000c\000a\000s\000t\000i\000n\000g}{section.6}% 8
\BOOKMARK [1][-]{section.11}{\376\377\000R\000e\000s\000u\000l\000t\000s\000\040\000a\000n\000d\000\040\000S\000y\000n\000t\000h\000e\000s\000i\000s}{}% 9
\BOOKMARK [2][-]{subsection.12}{\376\377\000O\000v\000e\000r\000v\000i\000e\000w\000\040\000o\000f\000\040\000S\000t\000u\000d\000y\000\040\000S\000a\000m\000p\000l\000e}{section.11}% 10
\BOOKMARK [2][-]{subsection.14}{\376\377\000M\000e\000t\000h\000o\000d\000o\000l\000o\000g\000i\000c\000a\000l\000\040\000D\000i\000s\000t\000r\000i\000b\000u\000t\000i\000o\000n\000\040\000a\000n\000d\000\040\000E\000v\000o\000l\000u\000t\000i\000o\000n}{section.11}% 11
\BOOKMARK [2][-]{subsection.17}{\376\377\000F\000o\000r\000e\000c\000a\000s\000t\000\040\000P\000e\000r\000f\000o\000r\000m\000a\000n\000c\000e\000:\000\040\000Q\000u\000a\000n\000t\000i\000t\000a\000t\000i\000v\000e\000\040\000S\000y\000n\000t\000h\000e\000s\000i\000s}{section.11}% 12
\BOOKMARK [2][-]{subsection.19}{\376\377\000V\000a\000l\000i\000d\000a\000t\000i\000o\000n\000\040\000P\000r\000a\000c\000t\000i\000c\000e\000s\000\040\000a\000n\000d\000\040\000R\000i\000g\000o\000r\000\040\000A\000s\000s\000e\000s\000s\000m\000e\000n\000t}{section.11}% 13
\BOOKMARK [2][-]{subsection.20}{\376\377\000G\000e\000o\000g\000r\000a\000p\000h\000i\000c\000\040\000C\000o\000v\000e\000r\000a\000g\000e\000:\000\040\000D\000i\000s\000p\000a\000r\000i\000t\000y\000\040\000a\000n\000d\000\040\000R\000e\000s\000e\000a\000r\000c\000h\000\040\000G\000a\000p\000s}{section.11}% 14
\BOOKMARK [2][-]{subsection.22}{\376\377\000S\000u\000m\000m\000a\000r\000y\000\040\000o\000f\000\040\000R\000e\000s\000u\000l\000t\000s}{section.11}% 15
\BOOKMARK [1][-]{section.23}{\376\377\000M\000e\000t\000h\000o\000d\000o\000l\000o\000g\000i\000c\000a\000l\000\040\000E\000v\000o\000l\000u\000t\000i\000o\000n}{}% 16
\BOOKMARK [2][-]{subsection.24}{\376\377\000D\000i\000c\000t\000i\000o\000n\000a\000r\000y\000-\000B\000a\000s\000e\000d\000\040\000M\000e\000t\000h\000o\000d\000s\000\040\000\050\0002\0000\0000\0007\040\023\0002\0000\0001\0006\000\051}{section.23}% 17
\BOOKMARK [2][-]{subsection.25}{\376\377\000M\000a\000c\000h\000i\000n\000e\000\040\000L\000e\000a\000r\000n\000i\000n\000g\000\040\000E\000r\000a\000\040\000\050\0002\0000\0001\0006\040\023\0002\0000\0002\0003\000\051}{section.23}% 18
\BOOKMARK [2][-]{subsection.26}{\376\377\000T\000r\000a\000n\000s\000f\000o\000r\000m\000e\000r\000\040\000M\000o\000d\000e\000l\000s\000\040\000\050\0002\0000\0002\0000\040\023\0002\0000\0002\0004\000\051}{section.23}% 19
\BOOKMARK [2][-]{subsection.27}{\376\377\000L\000a\000r\000g\000e\000\040\000L\000a\000n\000g\000u\000a\000g\000e\000\040\000M\000o\000d\000e\000l\000s\000\040\000\050\0002\0000\0002\0003\040\023\000P\000r\000e\000s\000e\000n\000t\000\051}{section.23}% 20
\BOOKMARK [1][-]{section.28}{\376\377\000E\000m\000p\000i\000r\000i\000c\000a\000l\000\040\000P\000e\000r\000f\000o\000r\000m\000a\000n\000c\000e}{}% 21
\BOOKMARK [2][-]{subsection.29}{\376\377\000I\000m\000p\000r\000o\000v\000e\000m\000e\000n\000t\000s\000\040\000b\000y\000\040\000D\000o\000m\000a\000i\000n}{section.28}% 22
\BOOKMARK [1][-]{section.31}{\376\377\000G\000e\000o\000g\000r\000a\000p\000h\000i\000c\000\040\000a\000n\000d\000\040\000L\000i\000n\000g\000u\000i\000s\000t\000i\000c\000\040\000C\000o\000v\000e\000r\000a\000g\000e}{}% 23
\BOOKMARK [2][-]{subsection.32}{\376\377\000R\000e\000g\000i\000o\000n\000a\000l\000\040\000D\000i\000s\000t\000r\000i\000b\000u\000t\000i\000o\000n}{section.31}% 24
\BOOKMARK [2][-]{subsection.34}{\376\377\000T\000h\000e\000\040\000B\000a\000n\000g\000l\000a\000\040\000C\000a\000s\000e}{section.31}% 25
\BOOKMARK [1][-]{section.35}{\376\377\000V\000a\000l\000i\000d\000a\000t\000i\000o\000n\000\040\000F\000r\000a\000m\000e\000w\000o\000r\000k\000s\000\040\000a\000n\000d\000\040\000B\000e\000s\000t\000\040\000P\000r\000a\000c\000t\000i\000c\000e\000s\000\040\000i\000n\000\040\000S\000e\000n\000t\000i\000m\000e\000n\000t\000\040\000F\000o\000r\000e\000c\000a\000s\000t\000i\000n\000g}{}% 26
\BOOKMARK [2][-]{subsection.36}{\376\377\000O\000u\000t\000-\000o\000f\000-\000S\000a\000m\000p\000l\000e\000\040\000T\000e\000s\000t\000i\000n\000g\000\040\000S\000t\000a\000n\000d\000a\000r\000d\000s}{section.35}% 27
\BOOKMARK [2][-]{subsection.37}{\376\377\000S\000t\000a\000t\000i\000s\000t\000i\000c\000a\000l\000\040\000T\000e\000s\000t\000s\000\040\000f\000o\000r\000\040\000F\000o\000r\000e\000c\000a\000s\000t\000\040\000A\000c\000c\000u\000r\000a\000c\000y}{section.35}% 28
\BOOKMARK [2][-]{subsection.38}{\376\377\000P\000e\000r\000f\000o\000r\000m\000a\000n\000c\000e\000\040\000M\000e\000t\000r\000i\000c\000s\000:\000\040\000B\000e\000y\000o\000n\000d\000\040\000R\000M\000S\000E}{section.35}% 29
\BOOKMARK [2][-]{subsection.39}{\376\377\000B\000e\000s\000t\000\040\000P\000r\000a\000c\000t\000i\000c\000e\000s\000\040\000E\000m\000e\000r\000g\000i\000n\000g\000\040\000C\000o\000n\000s\000e\000n\000s\000u\000s}{section.35}% 30
\BOOKMARK [2][-]{subsection.40}{\376\377\000C\000o\000m\000m\000o\000n\000\040\000P\000i\000t\000f\000a\000l\000l\000s}{section.35}% 31
\BOOKMARK [1][-]{section.41}{\376\377\000C\000r\000i\000t\000i\000c\000a\000l\000\040\000G\000a\000p\000s}{}% 32
\BOOKMARK [2][-]{subsection.42}{\376\377\000C\000a\000u\000s\000a\000l\000\040\000M\000e\000c\000h\000a\000n\000i\000s\000m\000s}{section.41}% 33
\BOOKMARK [2][-]{subsection.43}{\376\377\000T\000h\000e\000o\000r\000e\000t\000i\000c\000a\000l\000\040\000I\000n\000t\000e\000g\000r\000a\000t\000i\000o\000n}{section.41}% 34
\BOOKMARK [2][-]{subsection.44}{\376\377\000M\000e\000t\000h\000o\000d\000o\000l\000o\000g\000i\000c\000a\000l\000\040\000S\000t\000a\000n\000d\000a\000r\000d\000i\000z\000a\000t\000i\000o\000n}{section.41}% 35
\BOOKMARK [1][-]{section.45}{\376\377\000P\000r\000o\000p\000o\000s\000e\000d\000\040\000R\000e\000s\000e\000a\000r\000c\000h\000\040\000A\000g\000e\000n\000d\000a}{}% 36
\BOOKMARK [2][-]{subsection.46}{\376\377\0001\000.\000\040\000G\000e\000o\000g\000r\000a\000p\000h\000i\000c\000\040\000a\000n\000d\000\040\000L\000i\000n\000g\000u\000i\000s\000t\000i\000c\000\040\000E\000x\000p\000a\000n\000s\000i\000o\000n}{section.45}% 37
\BOOKMARK [2][-]{subsection.47}{\376\377\0002\000.\000\040\000T\000h\000e\000o\000r\000e\000t\000i\000c\000a\000l\000\040\000F\000o\000r\000m\000a\000l\000i\000z\000a\000t\000i\000o\000n}{section.45}% 38
\BOOKMARK [2][-]{subsection.48}{\376\377\0003\000.\000\040\000M\000e\000t\000h\000o\000d\000o\000l\000o\000g\000i\000c\000a\000l\000\040\000S\000t\000a\000n\000d\000a\000r\000d\000i\000z\000a\000t\000i\000o\000n}{section.45}% 39
\BOOKMARK [2][-]{subsection.49}{\376\377\0004\000.\000\040\000P\000o\000l\000i\000c\000y\000\040\000A\000p\000p\000l\000i\000c\000a\000t\000i\000o\000n\000s\000\040\000a\000n\000d\000\040\000C\000e\000n\000t\000r\000a\000l\000\040\000B\000a\000n\000k\000\040\000U\000s\000e}{section.45}% 40
\BOOKMARK [1][-]{section.50}{\376\377\000C\000o\000n\000c\000l\000u\000s\000i\000o\000n}{}% 41
\BOOKMARK [1][-]{appendix.51}{\376\377\000S\000u\000p\000p\000l\000e\000m\000e\000n\000t\000a\000r\000y\000\040\000M\000a\000t\000e\000r\000i\000a\000l\000s}{}% 42
